\BOOKMARK [1][-]{section.1}{The Exact Schr\366dinger-like Equation for Conditional Wave-Functions}{}% 1
\BOOKMARK [2][-]{subsection.1.1}{Shape I for [CWF.SE]CWF.SE: The Kinetic and Advective Correlation Potentials}{section.1}% 2
\BOOKMARK [2][-]{subsection.1.2}{Shape II for [CWF.SE]CWF.SE: Introducing the Born-Huang ansatz onto the K,A potentials-0.2cm}{section.1}% 3
\BOOKMARK [2][-]{subsection.1.3}{Shape III for [CWF.SE]CWF.SE: \040Rewriting K and A in terms of the CWF - The Real Potentials G and J}{section.1}% 4
\BOOKMARK [1][-]{section.2}{The Approximation 1.0: A Spatially Separable Product}{}% 5
\BOOKMARK [2][-]{subsection.2.1}{Algorithm 1.0 - The Hermitian Approximation}{section.2}% 6
\BOOKMARK [3][-]{subsubsection.2.1.1}{Using CWF.SE.I: the Raw K and A}{subsection.2.1}% 7
\BOOKMARK [3][-]{subsubsection.2.1.2}{Using CWF.SE.II: the Born-Huang K.BH and A.BH}{subsection.2.1}% 8
\BOOKMARK [3][-]{subsubsection.2.1.3}{Using CWF.SE.III: the Raw G and J}{subsection.2.1}% 9
\BOOKMARK [1][-]{section.3}{The Approximation 2.0: A Truncated Born-Huang Expansion of the CWF Product}{}% 10
\BOOKMARK [2][-]{subsection.3.1}{Algorithm 2.0 - The Paradoxical Approximation }{section.3}% 11
\BOOKMARK [3][-]{subsubsection.3.1.1}{Using CWF.SE.II or CWF.SE.I}{subsection.3.1}% 12
\BOOKMARK [3][-]{subsubsection.3.1.2}{Using CWF.SE.III}{subsection.3.1}% 13
\BOOKMARK [2][-]{subsection.3.2}{Example where the approach works: The Single Slit Transmission}{section.3}% 14
\BOOKMARK [3][-]{subsubsection.3.2.1}{Results}{subsection.3.2}% 15
\BOOKMARK [3][-]{subsubsection.3.2.2}{Discussion and Conclusions}{subsection.3.2}% 16
\BOOKMARK [1][-]{section.4}{Reconstructing the Full Wave-Function from CWF-s}{}% 17
\BOOKMARK [2][-]{subsection.4.1}{Using the CWF definition}{section.4}% 18
\BOOKMARK [3][-]{subsubsection.4.1.1}{Use only the trajectories and the values of the CWF-s on them}{subsection.4.1}% 19
\BOOKMARK [3][-]{subsubsection.4.1.2}{Using the whole CWF-s and trajectories}{subsection.4.1}% 20
\BOOKMARK [2][-]{subsection.4.2}{Using the CWF definition + Using the CWF-s as basis functions}{section.4}% 21
\BOOKMARK [2][-]{subsection.4.3}{Using the CWF-s as basis functions: Fit the best possible Full Wavefunction}{section.4}% 22
\BOOKMARK [1][-]{section.5}{Suggestion for a self-consistent Composed Algorithm}{}% 23
\BOOKMARK [2][-]{subsection.5.1}{Composed Algorithm Steps: Draft}{section.5}% 24
\BOOKMARK [2][-]{subsection.5.2}{Parallelization Strategy: Draft}{section.5}% 25
\BOOKMARK [1][-]{section*.40}{References}{}% 26
