\BOOKMARK [1][-]{section.1}{Expanding the Full Wavefunction in ND Energy Eigenstates}{}% 1
\BOOKMARK [2][-]{subsection.1.1}{General Time Dependent Potentials}{section.1}% 2
\BOOKMARK [2][-]{subsection.1.2}{Adiabatically Time Dependent Potentials}{section.1}% 3
\BOOKMARK [2][-]{subsection.1.3}{Time Independent Potentials}{section.1}% 4
\BOOKMARK [2][-]{subsection.1.4}{Comments on this Method}{section.1}% 5
\BOOKMARK [1][-]{section.2}{Expanding the Wavefunction in \(N-1\)D Section Eigenstates}{}% 6
\BOOKMARK [2][-]{subsection.2.1}{Adiabatic \(or constant\) coupling potential with y for x and t}{section.2}% 7
\BOOKMARK [2][-]{subsection.2.2}{On General Potentials}{section.2}% 8
\BOOKMARK [1][-]{section.3}{Expanding the Wavefunction in Custom mD Section Eigenstates}{}% 9
\BOOKMARK [2][-]{subsection.3.1}{Adiabatic \(or constant\) coupling potential with y for x and time}{section.3}% 10
\BOOKMARK [2][-]{subsection.3.2}{On General Potentials}{section.3}% 11
\BOOKMARK [2][-]{subsection.3.3}{The Spectrum of possibilities of the algorithm}{section.3}% 12
\BOOKMARK [1][-]{section.4}{Expanding the Wavefunction in 1D Section Eigenstates}{}% 13
\BOOKMARK [2][-]{subsection.4.1}{Adiabatic \(or constant\) coupling potential with y for x and t}{section.4}% 14
\BOOKMARK [1][-]{section.5}{Expanding the Wavefunction in 1D Section Eigenstates 2.0}{}% 15
\BOOKMARK [1][-]{section.6}{Expanding the Wavefunction in any arbitrary Orthonormal Basis}{}% 16
\BOOKMARK [2][-]{subsection.6.1}{If we knew an orthonormal basis for N}{section.6}% 17
\BOOKMARK [2][-]{subsection.6.2}{If we knew an orthonormal basis for N-m}{section.6}% 18
\BOOKMARK [2][-]{subsection.6.3}{If we knew an orthonormal basis for each of the 1D axes independently}{section.6}% 19
\BOOKMARK [3][-]{subsubsection.6.3.1}{Generalization}{subsection.6.3}% 20
\BOOKMARK [1][-]{section*.5}{References}{}% 21
