\BOOKMARK [1][-]{section*.4}{Philosophical Prolegomena}{}% 1
\BOOKMARK [2][-]{section*.5}{On the Noumenon and Phenomenon}{section*.4}% 2
\BOOKMARK [2][-]{section*.6}{On Models, Interpretations and Narratives}{section*.4}% 3
\BOOKMARK [1][-]{section*.8}{Part A: The Axioms}{}% 4
\BOOKMARK [2][-]{section*.9}{1. The State of the Universe}{section*.8}% 5
\BOOKMARK [3][-]{section*.10}{1.1. Reviving Postulates of Classical Mechanics}{section*.8}% 6
\BOOKMARK [3][-]{section*.11}{1.1. A Fluid of Tangent Universes}{section*.8}% 7
\BOOKMARK [3][-]{section*.13}{1.3. The Lagrangian and Eulerian Frames}{section*.8}% 8
\BOOKMARK [3][-]{section*.14}{1.4. The Measurement Axiom}{section*.8}% 9
\BOOKMARK [2][-]{section*.15}{2. The Dynamics of the Universe}{section*.8}% 10
\BOOKMARK [3][-]{section*.16}{2.1. The Stationary Action Axiom within each Universe}{section*.15}% 11
\BOOKMARK [3][-]{section*.24}{2.2. The Stationary Action Axiom at the Universe Fluid level}{section*.15}% 12
\BOOKMARK [3][-]{section*.29}{2.2. The Dynamics of the Hamilton-Jacobi Action of the Universes}{section*.15}% 13
\BOOKMARK [3][-]{section*.30}{2.3. The Dynamics of the Density of Universes}{section*.15}% 14
\BOOKMARK [3][-]{section*.31}{2.4. The Wavefunction and its Dynamics}{section*.15}% 15
\BOOKMARK [3][-]{section*.32}{2.5. The Wavefunction as a Vector of a Hilbert Space}{section*.15}% 16
\BOOKMARK [2][-]{section*.33}{ 3. The State of a Partition of the Universe}{section*.8}% 17
\BOOKMARK [3][-]{section*.34}{3.1. The Epistemology of the Model}{section*.33}% 18
\BOOKMARK [3][-]{section*.35}{3.2. An Effective Wavefunction}{section*.33}% 19
\BOOKMARK [3][-]{section*.36}{3.3. The Conditional Wavefunction}{section*.33}% 20
\BOOKMARK [2][-]{section*.37}{ 4. The Dynamics of a Partition of the Universe}{section*.8}% 21
\BOOKMARK [2][-]{section*.38}{ 5. Overview of the Postulates}{section*.8}% 22
\BOOKMARK [1][-]{section*.40}{Part B: The Measurement}{}% 23
\BOOKMARK [2][-]{section*.41}{1. The Von Neumann Chain and Perturbing the System}{section*.40}% 24
\BOOKMARK [2][-]{section*.42}{2. The Apparently Collapsing Measurement}{section*.40}% 25
\BOOKMARK [3][-]{section*.43}{2.1. Discrete Spectrum Measurement}{section*.42}% 26
\BOOKMARK [3][-]{section*.44}{2.2. Continuous Spectrum Measurement}{section*.42}% 27
\BOOKMARK [2][-]{section*.45}{3. The Generalized Measurement}{section*.40}% 28
\BOOKMARK [3][-]{section*.46}{3.1. A Strong Measurement}{section*.45}% 29
\BOOKMARK [3][-]{section*.47}{3.2. A Weak Measurement}{section*.45}% 30
\BOOKMARK [2][-]{section*.48}{4. Properties of the Wavefunction vs Properties of the Trajectory}{section*.40}% 31
\BOOKMARK [3][-]{section*.49}{4.1. The Weak Values}{section*.48}% 32
\BOOKMARK [1][-]{section*.50}{Part C: The Density Matrix}{}% 33
\BOOKMARK [2][-]{section*.51}{1. The Way to Keep Track of Parallel Realities}{section*.50}% 34
\BOOKMARK [2][-]{section*.52}{2. The Reduced Density Matrix}{section*.50}% 35
\BOOKMARK [2][-]{section*.53}{3. The Unconditional Measurement and the Choice of Basis}{section*.50}% 36
\BOOKMARK [2][-]{section*.54}{4. Pure Unravellings}{section*.50}% 37
\BOOKMARK [2][-]{section*.55}{5. Complete Positive Maps: Any Quantum Operation is a Measurement}{section*.50}% 38
\BOOKMARK [2][-]{section*.56}{6. Noise, Decoherence and the Environment}{section*.50}% 39
\BOOKMARK [1][-]{section*.57}{Part D: Markovianity and Master Equations}{}% 40
\BOOKMARK [2][-]{section*.58}{1. Some Possible Quantum Markovianity Definitions}{section*.57}% 41
\BOOKMARK [3][-]{section*.59}{1.1. Past-Future Independence}{section*.57}% 42
\BOOKMARK [3][-]{section*.60}{1.2. Etc.}{section*.57}% 43
\BOOKMARK [2][-]{section*.61}{2. Continuous Measurements: Introduction to Master and Stochastic Schr\366dinger Equations}{section*.57}% 44
\BOOKMARK [2][-]{section*.62}{3. The Most General Markovian Master Equations: the Lindblad Equations}{section*.57}% 45
\BOOKMARK [2][-]{section*.63}{4. Markovian Stochastic Schr\366dinger Equations: Pure Unravellings}{section*.57}% 46
\BOOKMARK [2][-]{section*.64}{5. The Most General non-Markovian Master Equation: the Nakajima-Zwanzig Equation}{section*.57}% 47
\BOOKMARK [2][-]{section*.65}{6. Non-Markovian Stochastic Schr\366dinger Equations: the Conditional Wavefunction}{section*.57}% 48
\BOOKMARK [3][-]{section*.66}{6.1. Wiseman's}{section*.65}% 49
\BOOKMARK [3][-]{section*.67}{6.2. Ours}{section*.65}% 50
\BOOKMARK [1][-]{section*.68}{References}{}% 51
